2025-08-20T01:04:30.8016621Z ##[group]Run python -m mypy services || true
2025-08-20T01:04:30.8016986Z [36;1mpython -m mypy services || true[0m
2025-08-20T01:04:30.8058767Z shell: /usr/bin/bash -e {0}
2025-08-20T01:04:30.8059004Z env:
2025-08-20T01:04:30.8059209Z   REDIS_URL: redis://localhost:6379/0
2025-08-20T01:04:30.8059472Z   RATE_LIMIT_DEFAULT: 100/minute
2025-08-20T01:04:30.8059704Z   TRUST_X_FORWARDED: 1
2025-08-20T01:04:30.8059899Z   PG_USER: postgres
2025-08-20T01:04:30.8060329Z   PG_PASSWORD: pass
2025-08-20T01:04:30.8060517Z   PG_DATABASE: awa
2025-08-20T01:04:30.8060702Z   PG_HOST: localhost
2025-08-20T01:04:30.8060898Z   PG_PORT: 5432
2025-08-20T01:04:30.8061380Z   PG_SYNC_DSN: ***localhost:5432/awa
2025-08-20T01:04:30.8061791Z   PG_ASYNC_DSN: ***localhost:5432/awa
2025-08-20T01:04:30.8062183Z   DATABASE_URL: ***localhost:5432/awa
2025-08-20T01:04:30.8062446Z   DATA_DIR: /tmp/awa-data
2025-08-20T01:04:30.8062651Z   ENABLE_LIVE: 0
2025-08-20T01:04:30.8062827Z   TESTING: 1
2025-08-20T01:04:30.8063056Z   pythonLocation: /opt/hostedtoolcache/Python/3.12.11/x64
2025-08-20T01:04:30.8063496Z   PKG_CONFIG_PATH: /opt/hostedtoolcache/Python/3.12.11/x64/lib/pkgconfig
2025-08-20T01:04:30.8063904Z   Python_ROOT_DIR: /opt/hostedtoolcache/Python/3.12.11/x64
2025-08-20T01:04:30.8064253Z   Python2_ROOT_DIR: /opt/hostedtoolcache/Python/3.12.11/x64
2025-08-20T01:04:30.8064597Z   Python3_ROOT_DIR: /opt/hostedtoolcache/Python/3.12.11/x64
2025-08-20T01:04:30.8064937Z   LD_LIBRARY_PATH: /opt/hostedtoolcache/Python/3.12.11/x64/lib
2025-08-20T01:04:30.8065231Z ##[endgroup]
2025-08-20T01:05:01.3450980Z services/api/routes/score.py:16: error: Function is missing a return type annotation  [no-untyped-def]
2025-08-20T01:05:01.3454010Z services/api/routes/score.py:16: note: Use "-> None" if function does not return a value
2025-08-20T01:05:01.3455214Z services/api/routes/score.py:26: error: All conditional function variants must have identical signatures  [misc]
2025-08-20T01:05:01.3456232Z services/api/routes/score.py:26: note: Original:
2025-08-20T01:05:01.3457218Z services/api/routes/score.py:26: note:     def require_basic_auth(credentials: HTTPBasicCredentials = ...) -> None
2025-08-20T01:05:01.3458540Z services/api/routes/score.py:26: note: Redefinition:
2025-08-20T01:05:01.3459372Z services/api/routes/score.py:26: note:     def require_basic_auth() -> None
2025-08-20T01:05:01.3460908Z services/api/routes/score.py:34: error: Incompatible types in assignment (expression has type "None", variable has type Module)  [assignment]
2025-08-20T01:05:01.3462245Z services/api/routes/score.py:38: error: Invalid type comment or annotation  [valid-type]
2025-08-20T01:05:01.3463161Z services/api/routes/score.py:38: note: Suggestion: use constr[...] instead of constr(...)
2025-08-20T01:05:01.3926790Z Found 4 errors in 1 file (checked 97 source files)
