2025-09-04T19:44:48.2728662Z ##[group]Run pytest -q --cov=services --cov-report=xml
2025-09-04T19:44:48.2729087Z [36;1mpytest -q --cov=services --cov-report=xml[0m
2025-09-04T19:44:48.2759479Z shell: /usr/bin/bash -e {0}
2025-09-04T19:44:48.2759713Z env:
2025-09-04T19:44:48.2759924Z   REDIS_URL: redis://localhost:6379/0
2025-09-04T19:44:48.2760190Z   RATE_LIMIT_DEFAULT: 100/minute
2025-09-04T19:44:48.2760420Z   TRUST_X_FORWARDED: 1
2025-09-04T19:44:48.2760624Z   PG_USER: postgres
2025-09-04T19:44:48.2761032Z   PG_PASSWORD: pass
2025-09-04T19:44:48.2761275Z   PG_DATABASE: awa
2025-09-04T19:44:48.2761463Z   PG_HOST: localhost
2025-09-04T19:44:48.2761657Z   PG_PORT: 5432
2025-09-04T19:44:48.2762074Z   PG_SYNC_DSN: ***localhost:5432/awa
2025-09-04T19:44:48.2762471Z   PG_ASYNC_DSN: ***localhost:5432/awa
2025-09-04T19:44:48.2762968Z   DATABASE_URL: ***localhost:5432/awa
2025-09-04T19:44:48.2763230Z   DATA_DIR: /home/runner/work/_temp/awa-data
2025-09-04T19:44:48.2763479Z   ENABLE_LIVE: 0
2025-09-04T19:44:48.2763675Z   TESTING: 1
2025-09-04T19:44:48.2763944Z   pythonLocation: /opt/hostedtoolcache/Python/3.12.11/x64
2025-09-04T19:44:48.2764341Z   PKG_CONFIG_PATH: /opt/hostedtoolcache/Python/3.12.11/x64/lib/pkgconfig
2025-09-04T19:44:48.2764743Z   Python_ROOT_DIR: /opt/hostedtoolcache/Python/3.12.11/x64
2025-09-04T19:44:48.2765111Z   Python2_ROOT_DIR: /opt/hostedtoolcache/Python/3.12.11/x64
2025-09-04T19:44:48.2765463Z   Python3_ROOT_DIR: /opt/hostedtoolcache/Python/3.12.11/x64
2025-09-04T19:44:48.2765813Z   LD_LIBRARY_PATH: /opt/hostedtoolcache/Python/3.12.11/x64/lib
2025-09-04T19:44:48.2766118Z   POSTGRES_USER: postgres
2025-09-04T19:44:48.2766373Z   POSTGRES_PASSWORD: pass
2025-09-04T19:44:48.2766577Z   POSTGRES_DB: awa
2025-09-04T19:44:48.2766762Z   LLM_PROVIDER: lan
2025-09-04T19:44:48.2766977Z   LLM_BASE_URL: http://localhost:8000
2025-09-04T19:44:48.2767227Z ##[endgroup]
2025-09-04T19:45:17.8088954Z ........s.............................sssssss................F.......... [ 41%]
2025-09-04T19:45:49.7650306Z ........................................................................ [ 83%]
2025-09-04T19:45:50.5412106Z .............................                                            [100%]
2025-09-04T19:45:50.5413252Z =================================== FAILURES ===================================
2025-09-04T19:45:50.5414017Z _____________________ test_build_url_toggles_database_url ______________________
2025-09-04T19:45:50.5414379Z 
2025-09-04T19:45:50.5414790Z monkeypatch = <_pytest.monkeypatch.MonkeyPatch object at 0x7f92cc11c7d0>
2025-09-04T19:45:50.5415205Z 
2025-09-04T19:45:50.5415451Z     def test_build_url_toggles_database_url(monkeypatch):
2025-09-04T19:45:50.5415993Z         monkeypatch.delenv("PG_SYNC_DSN", raising=False)
2025-09-04T19:45:50.5416515Z         monkeypatch.delenv("PG_ASYNC_DSN", raising=False)
2025-09-04T19:45:50.5417219Z         monkeypatch.setenv("DATABASE_URL", "***h:1/d")
2025-09-04T19:45:50.5417926Z >       assert build_url() == "***h:1/d"
2025-09-04T19:45:50.5419071Z E       AssertionError: assert 'postgresql+a...alhost:5432/d' == '***h:1/d'
2025-09-04T19:45:50.5419573Z E         
2025-09-04T19:45:50.5419994Z E         - ***h:1/d
2025-09-04T19:45:50.5420342Z E         ?                            ^
2025-09-04T19:45:50.5421142Z E         + ***localhost:5432/d
2025-09-04T19:45:50.5421573Z E         ?                          +++++ +++ ^^^^
2025-09-04T19:45:50.5421819Z 
2025-09-04T19:45:50.5422037Z tests/test_db_url.py:21: AssertionError
2025-09-04T19:45:50.5422567Z =============================== warnings summary ===============================
2025-09-04T19:45:50.5423330Z ../../../../../opt/hostedtoolcache/Python/3.12.11/x64/lib/python3.12/site-packages/pandera/_pandas_deprecated.py:149
2025-09-04T19:45:50.5424437Z   /opt/hostedtoolcache/Python/3.12.11/x64/lib/python3.12/site-packages/pandera/_pandas_deprecated.py:149: FutureWarning: Importing pandas-specific classes and functions from the
2025-09-04T19:45:50.5425351Z   top-level pandera module will be **removed in a future version of pandera**.
2025-09-04T19:45:50.5426132Z   If you're using pandera to validate pandas objects, we highly recommend updating
2025-09-04T19:45:50.5426512Z   your import:
2025-09-04T19:45:50.5426699Z   
2025-09-04T19:45:50.5426864Z   ```
2025-09-04T19:45:50.5427036Z   # old import
2025-09-04T19:45:50.5427235Z   import pandera as pa
2025-09-04T19:45:50.5427436Z   
2025-09-04T19:45:50.5427598Z   # new import
2025-09-04T19:45:50.5427802Z   import pandera.pandas as pa
2025-09-04T19:45:50.5428026Z   ```
2025-09-04T19:45:50.5428190Z   
2025-09-04T19:45:50.5428511Z   If you're using pandera to validate objects from other compatible libraries
2025-09-04T19:45:50.5429046Z   like pyspark or polars, see the supported libraries section of the documentation
2025-09-04T19:45:50.5429493Z   for more information on how to import pandera:
2025-09-04T19:45:50.5429767Z   
2025-09-04T19:45:50.5430089Z   https://pandera.readthedocs.io/en/stable/supported_libraries.html
2025-09-04T19:45:50.5430431Z   
2025-09-04T19:45:50.5430692Z   To disable this warning, set the environment variable:
2025-09-04T19:45:50.5431132Z   
2025-09-04T19:45:50.5431295Z   ```
2025-09-04T19:45:50.5431522Z   export DISABLE_PANDERA_IMPORT_WARNING=True
2025-09-04T19:45:50.5431782Z   ```
2025-09-04T19:45:50.5431941Z   
2025-09-04T19:45:50.5432176Z     warnings.warn(_future_warning, FutureWarning)
2025-09-04T19:45:50.5432378Z 
2025-09-04T19:45:50.5432793Z ../../../../../opt/hostedtoolcache/Python/3.12.11/x64/lib/python3.12/site-packages/pydantic/fields.py:1093
2025-09-04T19:45:50.5434626Z   /opt/hostedtoolcache/Python/3.12.11/x64/lib/python3.12/site-packages/pydantic/fields.py:1093: PydanticDeprecatedSince20: Using extra keyword arguments on `Field` is deprecated and will be removed. Use `json_schema_extra` instead. (Extra keys: 'strip_whitespace'). Deprecated in Pydantic V2.0 to be removed in V3.0. See Pydantic V2 Migration Guide at https://errors.pydantic.dev/2.11/migration/
2025-09-04T19:45:50.5436204Z     warn(
2025-09-04T19:45:50.5436328Z 
2025-09-04T19:45:50.5436485Z services/alert_bot/tests/test_smoke.py:5
2025-09-04T19:45:50.5437856Z   /home/runner/work/AWA-App/AWA-App/services/alert_bot/tests/test_smoke.py:5: UserWarning: pkg_resources is deprecated as an API. See https://setuptools.pypa.io/en/latest/pkg_resources.html. The pkg_resources package is slated for removal as early as 2025-11-30. Refrain from using this package or pin to Setuptools<81.
2025-09-04T19:45:50.5438982Z     import pkg_resources  # noqa: F401
2025-09-04T19:45:50.5439155Z 
2025-09-04T19:45:50.5439320Z tests/api/test_ingest_endpoints.py: 12 warnings
2025-09-04T19:45:50.5439659Z tests/ingest/test_tasks_eager.py: 3 warnings
2025-09-04T19:45:50.5439961Z tests/test_api_fast.py: 1 warning
2025-09-04T19:45:50.5440237Z tests/test_health.py: 5 warnings
2025-09-04T19:45:50.5440514Z tests/test_smoke.py: 5 warnings
2025-09-04T19:45:50.5440929Z services/api/tests/test_cors.py: 1 warning
2025-09-04T19:45:50.5441291Z services/api/tests/test_errors_json.py: 2 warnings
2025-09-04T19:45:50.5441792Z services/api/tests/test_health.py: 1 warning
2025-09-04T19:45:50.5442145Z services/api/tests/test_rate_limit.py: 122 warnings
2025-09-04T19:45:50.5442529Z services/api/tests/test_roi_basic_auth.py: 4 warnings
2025-09-04T19:45:50.5442907Z services/api/tests/test_sentry_event.py: 1 warning
2025-09-04T19:45:50.5443287Z services/api/tests/test_stats_contracts.py: 3 warnings
2025-09-04T19:45:50.5443713Z services/api/tests/test_stats_future_contracts.py: 3 warnings
2025-09-04T19:45:50.5445259Z   /opt/hostedtoolcache/Python/3.12.11/x64/lib/python3.12/site-packages/asgi_correlation_id/extensions/sentry.py:27: DeprecationWarning: sentry_sdk.configure_scope is deprecated and will be removed in the next major version. Please consult our migration guide to learn how to migrate to the new API: https://docs.sentry.io/platforms/python/migration/1.x-to-2.x#scope-configuring
2025-09-04T19:45:50.5446570Z     with configure_scope() as scope:
2025-09-04T19:45:50.5446743Z 
2025-09-04T19:45:50.5446907Z tests/api/test_ingest_endpoints.py: 3 warnings
2025-09-04T19:45:50.5447371Z tests/test_api_fast.py: 1 warning
2025-09-04T19:45:50.5447648Z tests/test_health.py: 5 warnings
2025-09-04T19:45:50.5447919Z tests/test_smoke.py: 5 warnings
2025-09-04T19:45:50.5448213Z services/api/tests/test_cors.py: 3 warnings
2025-09-04T19:45:50.5448562Z services/api/tests/test_errors_json.py: 2 warnings
2025-09-04T19:45:50.5448905Z services/api/tests/test_health.py: 1 warning
2025-09-04T19:45:50.5449247Z services/api/tests/test_rate_limit.py: 2 warnings
2025-09-04T19:45:50.5449595Z services/api/tests/test_sentry_event.py: 1 warning
2025-09-04T19:45:50.5449972Z services/api/tests/test_stats_contracts.py: 3 warnings
2025-09-04T19:45:50.5450394Z services/api/tests/test_stats_future_contracts.py: 1 warning
2025-09-04T19:45:50.5451437Z   /opt/hostedtoolcache/Python/3.12.11/x64/lib/python3.12/site-packages/fastapi_limiter/__init__.py:89: DeprecationWarning: Call to deprecated close. (Use aclose() instead) -- Deprecated since version 5.0.1.
2025-09-04T19:45:50.5452218Z     await cls.redis.close()
2025-09-04T19:45:50.5452376Z 
2025-09-04T19:45:50.5452571Z tests/test_api_fast.py::test_health_endpoint
2025-09-04T19:45:50.5453672Z   /home/runner/work/AWA-App/AWA-App/tests/test_api_fast.py:13: DeprecationWarning: datetime.datetime.utcnow() is deprecated and scheduled for removal in a future version. Use timezone-aware objects to represent datetimes in UTC: datetime.datetime.now(datetime.UTC).
2025-09-04T19:45:50.5454658Z     return datetime.datetime.utcnow()
2025-09-04T19:45:50.5454833Z 
2025-09-04T19:45:50.5454960Z tests/test_api_fast.py: 1 warning
2025-09-04T19:45:50.5455236Z tests/test_health.py: 5 warnings
2025-09-04T19:45:50.5455505Z tests/test_smoke.py: 5 warnings
2025-09-04T19:45:50.5455793Z services/api/tests/test_cors.py: 1 warning
2025-09-04T19:45:50.5456123Z services/api/tests/test_health.py: 1 warning
2025-09-04T19:45:50.5456472Z services/api/tests/test_rate_limit.py: 102 warnings
2025-09-04T19:45:50.5457622Z   /home/runner/work/AWA-App/AWA-App/services/api/routes/health.py:24: DeprecationWarning: datetime.datetime.utcnow() is deprecated and scheduled for removal in a future version. Use timezone-aware objects to represent datetimes in UTC: datetime.datetime.now(datetime.UTC).
2025-09-04T19:45:50.5458702Z     app_now = datetime.utcnow().replace(tzinfo=timezone.utc)
2025-09-04T19:45:50.5458919Z 
2025-09-04T19:45:50.5459059Z tests/test_health.py::test_health[0]
2025-09-04T19:45:50.5459370Z tests/test_health.py::test_health[1]
2025-09-04T19:45:50.5459658Z tests/test_health.py::test_health[2]
2025-09-04T19:45:50.5459939Z tests/test_health.py::test_health[3]
2025-09-04T19:45:50.5460212Z tests/test_health.py::test_health[4]
2025-09-04T19:45:50.5461489Z   /home/runner/work/AWA-App/AWA-App/tests/test_health.py:22: DeprecationWarning: datetime.datetime.utcnow() is deprecated and scheduled for removal in a future version. Use timezone-aware objects to represent datetimes in UTC: datetime.datetime.now(datetime.UTC).
2025-09-04T19:45:50.5462476Z     return datetime.datetime.utcnow()
2025-09-04T19:45:50.5462799Z 
2025-09-04T19:45:50.5462946Z tests/test_smoke.py::test_health[0]
2025-09-04T19:45:50.5463250Z tests/test_smoke.py::test_health[1]
2025-09-04T19:45:50.5463530Z tests/test_smoke.py::test_health[2]
2025-09-04T19:45:50.5463808Z tests/test_smoke.py::test_health[3]
2025-09-04T19:45:50.5464083Z tests/test_smoke.py::test_health[4]
2025-09-04T19:45:50.5465146Z   /home/runner/work/AWA-App/AWA-App/tests/test_smoke.py:32: DeprecationWarning: datetime.datetime.utcnow() is deprecated and scheduled for removal in a future version. Use timezone-aware objects to represent datetimes in UTC: datetime.datetime.now(datetime.UTC).
2025-09-04T19:45:50.5466119Z     return datetime.datetime.utcnow()
2025-09-04T19:45:50.5466291Z 
2025-09-04T19:45:50.5466516Z services/api/tests/test_cors.py::test_cors_simple_get_allowed
2025-09-04T19:45:50.5467699Z   /home/runner/work/AWA-App/AWA-App/services/api/tests/test_cors.py:27: DeprecationWarning: datetime.datetime.utcnow() is deprecated and scheduled for removal in a future version. Use timezone-aware objects to represent datetimes in UTC: datetime.datetime.now(datetime.UTC).
2025-09-04T19:45:50.5468835Z     return datetime.datetime.utcnow()
2025-09-04T19:45:50.5469011Z 
2025-09-04T19:45:50.5469196Z services/api/tests/test_health.py::test_health_route
2025-09-04T19:45:50.5470357Z   /home/runner/work/AWA-App/AWA-App/services/api/tests/test_health.py:14: DeprecationWarning: datetime.datetime.utcnow() is deprecated and scheduled for removal in a future version. Use timezone-aware objects to represent datetimes in UTC: datetime.datetime.now(datetime.UTC).
2025-09-04T19:45:50.5471498Z     return datetime.datetime.utcnow()
2025-09-04T19:45:50.5471676Z 
2025-09-04T19:45:50.5471853Z services/api/tests/test_rate_limit.py: 102 warnings
2025-09-04T19:45:50.5473024Z   /home/runner/work/AWA-App/AWA-App/services/api/tests/test_rate_limit.py:33: DeprecationWarning: datetime.datetime.utcnow() is deprecated and scheduled for removal in a future version. Use timezone-aware objects to represent datetimes in UTC: datetime.datetime.now(datetime.UTC).
2025-09-04T19:45:50.5474066Z     return datetime.datetime.utcnow()
2025-09-04T19:45:50.5474237Z 
2025-09-04T19:45:50.5474562Z services/api/tests/test_sentry_event.py::test_unhandled_exception_is_captured_and_tagged
2025-09-04T19:45:50.5476065Z   /home/runner/work/AWA-App/AWA-App/services/api/tests/test_sentry_event.py:47: SentryHubDeprecationWarning: `sentry_sdk.Hub` is deprecated and will be removed in a future major release. Please consult our 1.x to 2.x migration guide for details on how to migrate `Hub` usage to the new API: https://docs.sentry.io/platforms/python/migration/1.x-to-2.x
2025-09-04T19:45:50.5477261Z     hub = sentry_sdk.Hub.current
2025-09-04T19:45:50.5477420Z 
2025-09-04T19:45:51.0058313Z -- Docs: https://docs.pytest.org/en/stable/how-to/capture-warnings.html
2025-09-04T19:45:51.0059386Z ================================ tests coverage ================================
2025-09-04T19:45:51.0060244Z _______________ coverage: platform linux, python 3.12.11-final-0 _______________
2025-09-04T19:45:51.0061133Z 
2025-09-04T19:45:51.0061492Z Coverage XML written to file coverage.xml
2025-09-04T19:45:51.0062429Z =========================== short test summary info ============================
2025-09-04T19:45:51.0064723Z FAILED tests/test_db_url.py::test_build_url_toggles_database_url - AssertionError: assert 'postgresql+a...alhost:5432/d' == '***h:1/d'
2025-09-04T19:45:51.0066066Z   
2025-09-04T19:45:51.0066745Z   - ***h:1/d
2025-09-04T19:45:51.0067267Z   ?                            ^
2025-09-04T19:45:51.0068107Z   + ***localhost:5432/d
2025-09-04T19:45:51.0068656Z   ?                          +++++ +++ ^^^^
2025-09-04T19:45:51.0069235Z Sentry is attempting to send 0 pending events
2025-09-04T19:45:51.0069727Z Waiting up to True seconds
2025-09-04T19:45:51.0070062Z Press Ctrl-C to quit
2025-09-04T19:45:51.4449752Z ##[error]Process completed with exit code 1.
