2025-08-20T16:17:28.4541385Z ##[group]Run pytest -q --cov=services --cov-report=xml
2025-08-20T16:17:28.4542368Z [36;1mpytest -q --cov=services --cov-report=xml[0m
2025-08-20T16:17:28.4589475Z shell: /usr/bin/bash -e {0}
2025-08-20T16:17:28.4589730Z env:
2025-08-20T16:17:28.4589951Z   REDIS_URL: redis://localhost:6379/0
2025-08-20T16:17:28.4590233Z   RATE_LIMIT_DEFAULT: 100/minute
2025-08-20T16:17:28.4590472Z   TRUST_X_FORWARDED: 1
2025-08-20T16:17:28.4590678Z   PG_USER: postgres
2025-08-20T16:17:28.4590880Z   PG_PASSWORD: pass
2025-08-20T16:17:28.4591072Z   PG_DATABASE: awa
2025-08-20T16:17:28.4591264Z   PG_HOST: localhost
2025-08-20T16:17:28.4591461Z   PG_PORT: 5432
2025-08-20T16:17:28.4591894Z   PG_SYNC_DSN: ***localhost:5432/awa
2025-08-20T16:17:28.4592316Z   PG_ASYNC_DSN: ***localhost:5432/awa
2025-08-20T16:17:28.4592705Z   DATABASE_URL: ***localhost:5432/awa
2025-08-20T16:17:28.4592975Z   DATA_DIR: /home/runner/work/_temp/awa-data
2025-08-20T16:17:28.4593237Z   ENABLE_LIVE: 0
2025-08-20T16:17:28.4593419Z   TESTING: 1
2025-08-20T16:17:28.4593707Z   pythonLocation: /opt/hostedtoolcache/Python/3.12.11/x64
2025-08-20T16:17:28.4594118Z   PKG_CONFIG_PATH: /opt/hostedtoolcache/Python/3.12.11/x64/lib/pkgconfig
2025-08-20T16:17:28.4594519Z   Python_ROOT_DIR: /opt/hostedtoolcache/Python/3.12.11/x64
2025-08-20T16:17:28.4594876Z   Python2_ROOT_DIR: /opt/hostedtoolcache/Python/3.12.11/x64
2025-08-20T16:17:28.4595234Z   Python3_ROOT_DIR: /opt/hostedtoolcache/Python/3.12.11/x64
2025-08-20T16:17:28.4595591Z   LD_LIBRARY_PATH: /opt/hostedtoolcache/Python/3.12.11/x64/lib
2025-08-20T16:17:28.4595899Z   POSTGRES_USER: postgres
2025-08-20T16:17:28.4596121Z   POSTGRES_PASSWORD: pass
2025-08-20T16:17:28.4596503Z   POSTGRES_DB: awa
2025-08-20T16:17:28.4596705Z   LLM_PROVIDER: lan
2025-08-20T16:17:28.4596921Z   LLM_BASE_URL: http://localhost:8000
2025-08-20T16:17:28.4597169Z ##[endgroup]
2025-08-20T16:18:01.4401849Z ........s.............................sssssss...............FF.......... [ 41%]
2025-08-20T16:18:33.4855028Z ........................................................................ [ 83%]
2025-08-20T16:18:34.3170882Z .............................                                            [100%]
2025-08-20T16:18:34.3171878Z =================================== FAILURES ===================================
2025-08-20T16:18:34.3172686Z __________________________ test_build_url_from_parts ___________________________
2025-08-20T16:18:34.3173107Z 
2025-08-20T16:18:34.3173580Z monkeypatch = <_pytest.monkeypatch.MonkeyPatch object at 0x7f3d2189f500>
2025-08-20T16:18:34.3174046Z 
2025-08-20T16:18:34.3174271Z     def test_build_url_from_parts(monkeypatch):
2025-08-20T16:18:34.3174847Z         monkeypatch.delenv("DATABASE_URL", raising=False)
2025-08-20T16:18:34.3175371Z         monkeypatch.setenv("PG_USER", "u")
2025-08-20T16:18:34.3175869Z         monkeypatch.setenv("PG_PASSWORD", "p")
2025-08-20T16:18:34.3176594Z         monkeypatch.setenv("PG_HOST", "h")
2025-08-20T16:18:34.3177139Z         monkeypatch.setenv("PG_PORT", "1")
2025-08-20T16:18:34.3177614Z         monkeypatch.setenv("PG_DATABASE", "d")
2025-08-20T16:18:34.3178540Z >       assert build_url() == "***h:1/d"
2025-08-20T16:18:34.3179446Z E       AssertionError: assert 'postgresql+a...host:5432/awa' == '***h:1/d'
2025-08-20T16:18:34.3179970Z E         
2025-08-20T16:18:34.3180464Z E         - ***h:1/d
2025-08-20T16:18:34.3181093Z E         + ***localhost:5432/awa
2025-08-20T16:18:34.3181328Z 
2025-08-20T16:18:34.3181566Z tests/test_db_url.py:11: AssertionError
2025-08-20T16:18:34.3182219Z _____________________ test_build_url_toggles_database_url ______________________
2025-08-20T16:18:34.3182614Z 
2025-08-20T16:18:34.3183046Z monkeypatch = <_pytest.monkeypatch.MonkeyPatch object at 0x7f3d21b77470>
2025-08-20T16:18:34.3183472Z 
2025-08-20T16:18:34.3183725Z     def test_build_url_toggles_database_url(monkeypatch):
2025-08-20T16:18:34.3184438Z         monkeypatch.setenv("DATABASE_URL", "***h:1/d")
2025-08-20T16:18:34.3187738Z >       assert build_url() == "***h:1/d"
2025-08-20T16:18:34.3188774Z E       AssertionError: assert 'postgresql+a...host:5432/awa' == '***h:1/d'
2025-08-20T16:18:34.3190033Z E         
2025-08-20T16:18:34.3190519Z E         - ***h:1/d
2025-08-20T16:18:34.3191173Z E         + ***localhost:5432/awa
2025-08-20T16:18:34.3191407Z 
2025-08-20T16:18:34.3191646Z tests/test_db_url.py:17: AssertionError
2025-08-20T16:18:34.3192240Z =============================== warnings summary ===============================
2025-08-20T16:18:34.3193175Z ../../../../../opt/hostedtoolcache/Python/3.12.11/x64/lib/python3.12/site-packages/pydantic/fields.py:1093
2025-08-20T16:18:34.3195847Z   /opt/hostedtoolcache/Python/3.12.11/x64/lib/python3.12/site-packages/pydantic/fields.py:1093: PydanticDeprecatedSince20: Using extra keyword arguments on `Field` is deprecated and will be removed. Use `json_schema_extra` instead. (Extra keys: 'strip_whitespace'). Deprecated in Pydantic V2.0 to be removed in V3.0. See Pydantic V2 Migration Guide at https://errors.pydantic.dev/2.11/migration/
2025-08-20T16:18:34.3198197Z     warn(
2025-08-20T16:18:34.3198399Z 
2025-08-20T16:18:34.3198645Z services/alert_bot/tests/test_smoke.py:5
2025-08-20T16:18:34.3200667Z   /home/runner/work/AWA-App/AWA-App/services/alert_bot/tests/test_smoke.py:5: UserWarning: pkg_resources is deprecated as an API. See https://setuptools.pypa.io/en/latest/pkg_resources.html. The pkg_resources package is slated for removal as early as 2025-11-30. Refrain from using this package or pin to Setuptools<81.
2025-08-20T16:18:34.3202554Z     import pkg_resources  # noqa: F401
2025-08-20T16:18:34.3202841Z 
2025-08-20T16:18:34.3203121Z tests/api/test_ingest_endpoints.py: 12 warnings
2025-08-20T16:18:34.3203749Z tests/ingest/test_tasks_eager.py: 3 warnings
2025-08-20T16:18:34.3204243Z tests/test_api_fast.py: 1 warning
2025-08-20T16:18:34.3204690Z tests/test_health.py: 5 warnings
2025-08-20T16:18:34.3205140Z tests/test_smoke.py: 5 warnings
2025-08-20T16:18:34.3205619Z services/api/tests/test_cors.py: 1 warning
2025-08-20T16:18:34.3206173Z services/api/tests/test_errors_json.py: 2 warnings
2025-08-20T16:18:34.3207086Z services/api/tests/test_health.py: 1 warning
2025-08-20T16:18:34.3207649Z services/api/tests/test_rate_limit.py: 122 warnings
2025-08-20T16:18:34.3208273Z services/api/tests/test_roi_basic_auth.py: 4 warnings
2025-08-20T16:18:34.3208863Z services/api/tests/test_sentry_event.py: 1 warning
2025-08-20T16:18:34.3209456Z services/api/tests/test_stats_contracts.py: 3 warnings
2025-08-20T16:18:34.3210197Z services/api/tests/test_stats_future_contracts.py: 3 warnings
2025-08-20T16:18:34.3212690Z   /opt/hostedtoolcache/Python/3.12.11/x64/lib/python3.12/site-packages/asgi_correlation_id/extensions/sentry.py:27: DeprecationWarning: sentry_sdk.configure_scope is deprecated and will be removed in the next major version. Please consult our migration guide to learn how to migrate to the new API: https://docs.sentry.io/platforms/python/migration/1.x-to-2.x#scope-configuring
2025-08-20T16:18:34.3214785Z     with configure_scope() as scope:
2025-08-20T16:18:34.3215050Z 
2025-08-20T16:18:34.3215336Z tests/api/test_ingest_endpoints.py: 3 warnings
2025-08-20T16:18:34.3215817Z tests/test_api_fast.py: 1 warning
2025-08-20T16:18:34.3216254Z tests/test_health.py: 5 warnings
2025-08-20T16:18:34.3216948Z tests/test_smoke.py: 5 warnings
2025-08-20T16:18:34.3217420Z services/api/tests/test_cors.py: 3 warnings
2025-08-20T16:18:34.3217984Z services/api/tests/test_errors_json.py: 2 warnings
2025-08-20T16:18:34.3218525Z services/api/tests/test_health.py: 1 warning
2025-08-20T16:18:34.3219088Z services/api/tests/test_rate_limit.py: 2 warnings
2025-08-20T16:18:34.3219652Z services/api/tests/test_sentry_event.py: 1 warning
2025-08-20T16:18:34.3220283Z services/api/tests/test_stats_contracts.py: 3 warnings
2025-08-20T16:18:34.3221000Z services/api/tests/test_stats_future_contracts.py: 1 warning
2025-08-20T16:18:34.3222478Z   /opt/hostedtoolcache/Python/3.12.11/x64/lib/python3.12/site-packages/fastapi_limiter/__init__.py:89: DeprecationWarning: Call to deprecated close. (Use aclose() instead) -- Deprecated since version 5.0.1.
2025-08-20T16:18:34.3224226Z     await cls.redis.close()
2025-08-20T16:18:34.3224449Z 
2025-08-20T16:18:34.3224734Z tests/test_api_fast.py::test_health_endpoint
2025-08-20T16:18:34.3226656Z   /home/runner/work/AWA-App/AWA-App/tests/test_api_fast.py:13: DeprecationWarning: datetime.datetime.utcnow() is deprecated and scheduled for removal in a future version. Use timezone-aware objects to represent datetimes in UTC: datetime.datetime.now(datetime.UTC).
2025-08-20T16:18:34.3228253Z     return datetime.datetime.utcnow()
2025-08-20T16:18:34.3228539Z 
2025-08-20T16:18:34.3228744Z tests/test_api_fast.py: 1 warning
2025-08-20T16:18:34.3229185Z tests/test_health.py: 5 warnings
2025-08-20T16:18:34.3229634Z tests/test_smoke.py: 5 warnings
2025-08-20T16:18:34.3230092Z services/api/tests/test_cors.py: 1 warning
2025-08-20T16:18:34.3230594Z services/api/tests/test_health.py: 1 warning
2025-08-20T16:18:34.3231142Z services/api/tests/test_rate_limit.py: 102 warnings
2025-08-20T16:18:34.3232984Z   /home/runner/work/AWA-App/AWA-App/services/api/routes/health.py:24: DeprecationWarning: datetime.datetime.utcnow() is deprecated and scheduled for removal in a future version. Use timezone-aware objects to represent datetimes in UTC: datetime.datetime.now(datetime.UTC).
2025-08-20T16:18:34.3234739Z     app_now = datetime.utcnow().replace(tzinfo=timezone.utc)
2025-08-20T16:18:34.3235086Z 
2025-08-20T16:18:34.3235312Z tests/test_health.py::test_health[0]
2025-08-20T16:18:34.3235793Z tests/test_health.py::test_health[1]
2025-08-20T16:18:34.3236243Z tests/test_health.py::test_health[2]
2025-08-20T16:18:34.3236938Z tests/test_health.py::test_health[3]
2025-08-20T16:18:34.3237389Z tests/test_health.py::test_health[4]
2025-08-20T16:18:34.3239108Z   /home/runner/work/AWA-App/AWA-App/tests/test_health.py:22: DeprecationWarning: datetime.datetime.utcnow() is deprecated and scheduled for removal in a future version. Use timezone-aware objects to represent datetimes in UTC: datetime.datetime.now(datetime.UTC).
2025-08-20T16:18:34.3240646Z     return datetime.datetime.utcnow()
2025-08-20T16:18:34.3240900Z 
2025-08-20T16:18:34.3241116Z tests/test_smoke.py::test_health[0]
2025-08-20T16:18:34.3241559Z tests/test_smoke.py::test_health[1]
2025-08-20T16:18:34.3242012Z tests/test_smoke.py::test_health[2]
2025-08-20T16:18:34.3242462Z tests/test_smoke.py::test_health[3]
2025-08-20T16:18:34.3242884Z tests/test_smoke.py::test_health[4]
2025-08-20T16:18:34.3244519Z   /home/runner/work/AWA-App/AWA-App/tests/test_smoke.py:32: DeprecationWarning: datetime.datetime.utcnow() is deprecated and scheduled for removal in a future version. Use timezone-aware objects to represent datetimes in UTC: datetime.datetime.now(datetime.UTC).
2025-08-20T16:18:34.3246011Z     return datetime.datetime.utcnow()
2025-08-20T16:18:34.3246416Z 
2025-08-20T16:18:34.3246785Z services/api/tests/test_cors.py::test_cors_simple_get_allowed
2025-08-20T16:18:34.3248673Z   /home/runner/work/AWA-App/AWA-App/services/api/tests/test_cors.py:27: DeprecationWarning: datetime.datetime.utcnow() is deprecated and scheduled for removal in a future version. Use timezone-aware objects to represent datetimes in UTC: datetime.datetime.now(datetime.UTC).
2025-08-20T16:18:34.3250320Z     return datetime.datetime.utcnow()
2025-08-20T16:18:34.3250584Z 
2025-08-20T16:18:34.3250881Z services/api/tests/test_health.py::test_health_route
2025-08-20T16:18:34.3252775Z   /home/runner/work/AWA-App/AWA-App/services/api/tests/test_health.py:14: DeprecationWarning: datetime.datetime.utcnow() is deprecated and scheduled for removal in a future version. Use timezone-aware objects to represent datetimes in UTC: datetime.datetime.now(datetime.UTC).
2025-08-20T16:18:34.3254454Z     return datetime.datetime.utcnow()
2025-08-20T16:18:34.3254723Z 
2025-08-20T16:18:34.3255002Z services/api/tests/test_rate_limit.py: 102 warnings
2025-08-20T16:18:34.3257049Z   /home/runner/work/AWA-App/AWA-App/services/api/tests/test_rate_limit.py:33: DeprecationWarning: datetime.datetime.utcnow() is deprecated and scheduled for removal in a future version. Use timezone-aware objects to represent datetimes in UTC: datetime.datetime.now(datetime.UTC).
2025-08-20T16:18:34.3259167Z     return datetime.datetime.utcnow()
2025-08-20T16:18:34.3259423Z 
2025-08-20T16:18:34.3259939Z services/api/tests/test_sentry_event.py::test_unhandled_exception_is_captured_and_tagged
2025-08-20T16:18:34.3262357Z   /home/runner/work/AWA-App/AWA-App/services/api/tests/test_sentry_event.py:47: SentryHubDeprecationWarning: `sentry_sdk.Hub` is deprecated and will be removed in a future major release. Please consult our 1.x to 2.x migration guide for details on how to migrate `Hub` usage to the new API: https://docs.sentry.io/platforms/python/migration/1.x-to-2.x
2025-08-20T16:18:34.3264268Z     hub = sentry_sdk.Hub.current
2025-08-20T16:18:34.3264510Z 
2025-08-20T16:18:34.3264937Z -- Docs: https://docs.pytest.org/en/stable/how-to/capture-warnings.html
2025-08-20T16:18:34.3265670Z ================================ tests coverage ================================
2025-08-20T16:18:34.3266582Z _______________ coverage: platform linux, python 3.12.11-final-0 _______________
2025-08-20T16:18:34.3267011Z 
2025-08-20T16:18:34.3267246Z Coverage XML written to file coverage.xml
2025-08-20T16:18:34.3267859Z =========================== short test summary info ============================
2025-08-20T16:18:34.3269203Z FAILED tests/test_db_url.py::test_build_url_from_parts - AssertionError: assert 'postgresql+a...host:5432/awa' == '***h:1/d'
2025-08-20T16:18:34.3269968Z   
2025-08-20T16:18:34.3270388Z   - ***h:1/d
2025-08-20T16:18:34.9354411Z   + ***localhost:5432/awa
2025-08-20T16:18:34.9356220Z FAILED tests/test_db_url.py::test_build_url_toggles_database_url - AssertionError: assert 'postgresql+a...host:5432/awa' == '***h:1/d'
2025-08-20T16:18:34.9357537Z   
2025-08-20T16:18:34.9358031Z   - ***h:1/d
2025-08-20T16:18:34.9358645Z   + ***localhost:5432/awa
2025-08-20T16:18:34.9359298Z Sentry is attempting to send 0 pending events
2025-08-20T16:18:34.9359835Z Waiting up to True seconds
2025-08-20T16:18:34.9360193Z Press Ctrl-C to quit
2025-08-20T16:18:35.5382511Z ##[error]Process completed with exit code 1.
